Number of cores available: 144
Number of cores used: 20
Creating batch 1 of 6; eps=0.010000
Fitting model 1 of 6
    Score: 0.938
    Average reward: -32336.547
    Average cost: 32333.318
Creating batch 2 of 6; eps=0.003333
Fitting model 2 of 6
    Score: 0.971
    Average reward: -218.644
    Average cost: 457.375
Creating batch 3 of 6; eps=0.001111
Fitting model 3 of 6
    Score: 0.989
    Average reward: 176.136
    Average cost: 562.115
Creating batch 4 of 6; eps=0.000370
Fitting model 4 of 6
    Score: 0.992
    Average reward: 213.625
    Average cost: 539.042
Creating batch 5 of 6; eps=0.000123
Fitting model 5 of 6
    Score: 0.994
    Average reward: 236.291
    Average cost: 488.330
Creating batch 6 of 6; eps=0.000041
Fitting model 6 of 6
    Score: 0.993
    Average reward: 235.173
    Average cost: 466.314
Used optimizers:
  shgo: 0
  dual_annealing: 0
  differential_evolution: 0
  brute: 0
  local: 0



Welch's tests (absolute):

    H0: GPw=Mw, H1: GPw>Mw. t: 140.6702, p-value: 0.0000
    H0: RLw=Mw, H1: RLw>Mw. t: 134.2886, p-value: 0.0000
    H0: RLw=GPw, H1: RLw>GPw. t: 8.9029, p-value: 0.0000

    H0: GPv=Mv, H1: GPv>Mv. t: -18.0559, p-value: 1.0000
    H0: RLv=Mv, H1: RLv>Mv. t: -8.3176, p-value: 1.0000
    H0: RLv=GPv, H1: RLv>GPv. t: 12.2511, p-value: 0.0000

    H0: GPc=Mc, H1: GPc<Mc. t: -471.0588, p-value: 0.0000
    H0: RLc=Mc, H1: RLc<Mc. t: -452.2872, p-value: 0.0000
    H0: RLc=GPc, H1: RLc<GPc. t: 28.7178, p-value: 1.0000



 Linear regression of X=GP vs Y=RL:

                            OLS Regression Results                            
==============================================================================
Dep. Variable:                      y   R-squared:                       0.130
Model:                            OLS   Adj. R-squared:                  0.130
Method:                 Least Squares   F-statistic:                     1489.
Date:                Mon, 14 Mar 2022   Prob (F-statistic):          9.63e-304
Time:                        00:37:13   Log-Likelihood:                -91727.
No. Observations:               10000   AIC:                         1.835e+05
Df Residuals:                    9998   BIC:                         1.835e+05
Df Model:                           1                                         
Covariance Type:            nonrobust                                         
==============================================================================
                 coef    std err          t      P>|t|      [0.025      0.975]
------------------------------------------------------------------------------
const        244.4585     23.314     10.486      0.000     198.759     290.158
x1             0.5685      0.015     38.584      0.000       0.540       0.597
==============================================================================
Omnibus:                      323.264   Durbin-Watson:                   1.966
Prob(Omnibus):                  0.000   Jarque-Bera (JB):              591.710
Skew:                           0.259   Prob(JB):                    3.25e-129
Kurtosis:                       4.073   Cond. No.                     1.58e+03
==============================================================================

Warnings:
[1] Standard Errors assume that the covariance matrix of the errors is correctly specified.
[2] The condition number is large, 1.58e+03. This might indicate that there are
strong multicollinearity or other numerical problems.


 H0: beta=1; H1: beta!=1
                             Test for Constraints                             
==============================================================================
                 coef    std err          t      P>|t|      [0.025      0.975]
------------------------------------------------------------------------------
c0             0.5685      0.015    -29.287      0.000       0.540       0.597
==============================================================================
#### END
#### END
