Number of cores available: 144
Number of cores used: 20
Creating batch 1 of 6; eps=0.010000
Fitting model 1 of 6
    Score: 0.976
    Average reward: -41647.026
    Average cost: 41642.745
Creating batch 2 of 6; eps=0.003333
Fitting model 2 of 6
    Score: 0.854
    Average reward: 145.587
    Average cost: 535.446
Creating batch 3 of 6; eps=0.001111
Fitting model 3 of 6
    Score: 0.371
    Average reward: 302.791
    Average cost: 434.931
Creating batch 4 of 6; eps=0.000370
Fitting model 4 of 6
    Score: 0.806
    Average reward: 362.897
    Average cost: 434.894
Creating batch 5 of 6; eps=0.000123
Fitting model 5 of 6
    Score: 0.837
    Average reward: 357.738
    Average cost: 488.911
Creating batch 6 of 6; eps=0.000041
Fitting model 6 of 6
    Score: 0.843
    Average reward: 356.194
    Average cost: 509.635
Used optimizers:
  shgo: 0
  dual_annealing: 0
  differential_evolution: 0
  brute: 0
  local: 0



Welch's tests (absolute):

    H0: GPw=Mw, H1: GPw>Mw. t: 142.0228, p-value: 0.0000
    H0: RLw=Mw, H1: RLw>Mw. t: 140.1199, p-value: 0.0000
    H0: RLw=GPw, H1: RLw>GPw. t: 10.1943, p-value: 0.0000

    H0: GPv=Mv, H1: GPv>Mv. t: -22.1806, p-value: 1.0000
    H0: RLv=Mv, H1: RLv>Mv. t: -13.5045, p-value: 1.0000
    H0: RLv=GPv, H1: RLv>GPv. t: 11.2804, p-value: 0.0000

    H0: GPc=Mc, H1: GPc<Mc. t: -356.3544, p-value: 0.0000
    H0: RLc=Mc, H1: RLc<Mc. t: -346.9268, p-value: 0.0000
    H0: RLc=GPc, H1: RLc<GPc. t: 8.9915, p-value: 1.0000



 Linear regression of X=GP vs Y=RL:

                            OLS Regression Results                            
==============================================================================
Dep. Variable:                      y   R-squared:                       0.351
Model:                            OLS   Adj. R-squared:                  0.351
Method:                 Least Squares   F-statistic:                     5403.
Date:                Sat, 05 Mar 2022   Prob (F-statistic):               0.00
Time:                        22:10:37   Log-Likelihood:                -90721.
No. Observations:               10000   AIC:                         1.814e+05
Df Residuals:                    9998   BIC:                         1.815e+05
Df Model:                           1                                         
Covariance Type:            nonrobust                                         
==============================================================================
                 coef    std err          t      P>|t|      [0.025      0.975]
------------------------------------------------------------------------------
const        332.0554     21.076     15.755      0.000     290.742     373.368
x1             0.8243      0.011     73.503      0.000       0.802       0.846
==============================================================================
Omnibus:                      504.853   Durbin-Watson:                   1.945
Prob(Omnibus):                  0.000   Jarque-Bera (JB):             1730.486
Skew:                           0.146   Prob(JB):                         0.00
Kurtosis:                       5.017   Cond. No.                     1.88e+03
==============================================================================

Warnings:
[1] Standard Errors assume that the covariance matrix of the errors is correctly specified.
[2] The condition number is large, 1.88e+03. This might indicate that there are
strong multicollinearity or other numerical problems.


 H0: beta=1; H1: beta!=1
                             Test for Constraints                             
==============================================================================
                 coef    std err          t      P>|t|      [0.025      0.975]
------------------------------------------------------------------------------
c0             0.8243      0.011    -15.671      0.000       0.802       0.846
==============================================================================
#### END
#### END
