Number of cores available: 144
Number of cores used: 20
Creating batch 1 of 6; eps=0.010000
Fitting model 1 of 6
    Score: 0.976
    Average reward: -34101.947
    Average cost: 34098.427
Creating batch 2 of 6; eps=0.003333
Fitting model 2 of 6
    Score: 0.830
    Average reward: 131.802
    Average cost: 272.320
Creating batch 3 of 6; eps=0.001111
Fitting model 3 of 6
    Score: 0.610
    Average reward: 210.847
    Average cost: 179.433
Creating batch 4 of 6; eps=0.000370
Fitting model 4 of 6
    Score: 0.756
    Average reward: 237.515
    Average cost: 184.451
Creating batch 5 of 6; eps=0.000123
Fitting model 5 of 6
    Score: 0.842
    Average reward: 256.661
    Average cost: 207.919
Creating batch 6 of 6; eps=0.000041
Fitting model 6 of 6
    Score: 0.778
    Average reward: 277.881
    Average cost: 235.230
Used optimizers:
  shgo: 0
  dual_annealing: 0
  differential_evolution: 0
  brute: 0
  local: 0



Welch's tests (absolute):

    H0: GPw=Mw, H1: GPw>Mw. t: 144.7081, p-value: 0.0000
    H0: RLw=Mw, H1: RLw>Mw. t: 149.8125, p-value: 0.0000
    H0: RLw=GPw, H1: RLw>GPw. t: 12.8725, p-value: 0.0000

    H0: GPv=Mv, H1: GPv>Mv. t: -18.8218, p-value: 1.0000
    H0: RLv=Mv, H1: RLv>Mv. t: -14.5457, p-value: 1.0000
    H0: RLv=GPv, H1: RLv>GPv. t: 7.1234, p-value: 0.0000

    H0: GPc=Mc, H1: GPc<Mc. t: -471.2615, p-value: 0.0000
    H0: RLc=Mc, H1: RLc<Mc. t: -474.9625, p-value: 0.0000
    H0: RLc=GPc, H1: RLc<GPc. t: -44.6626, p-value: 0.0000



 Linear regression of X=GP vs Y=RL:

                            OLS Regression Results                            
==============================================================================
Dep. Variable:                      y   R-squared:                       0.255
Model:                            OLS   Adj. R-squared:                  0.255
Method:                 Least Squares   F-statistic:                     3426.
Date:                Fri, 04 Mar 2022   Prob (F-statistic):               0.00
Time:                        23:05:08   Log-Likelihood:                -87435.
No. Observations:               10000   AIC:                         1.749e+05
Df Residuals:                    9998   BIC:                         1.749e+05
Df Model:                           1                                         
Covariance Type:            nonrobust                                         
==============================================================================
                 coef    std err          t      P>|t|      [0.025      0.975]
------------------------------------------------------------------------------
const        292.3397     15.176     19.264      0.000     262.592     322.087
x1             0.5480      0.009     58.535      0.000       0.530       0.566
==============================================================================
Omnibus:                      612.089   Durbin-Watson:                   1.948
Prob(Omnibus):                  0.000   Jarque-Bera (JB):             1794.895
Skew:                           0.308   Prob(JB):                         0.00
Kurtosis:                       4.982   Cond. No.                     1.62e+03
==============================================================================

Warnings:
[1] Standard Errors assume that the covariance matrix of the errors is correctly specified.
[2] The condition number is large, 1.62e+03. This might indicate that there are
strong multicollinearity or other numerical problems.


 H0: beta=1; H1: beta!=1
                             Test for Constraints                             
==============================================================================
                 coef    std err          t      P>|t|      [0.025      0.975]
------------------------------------------------------------------------------
c0             0.5480      0.009    -48.289      0.000       0.530       0.566
==============================================================================
#### END
#### END
