Number of cores available: 144
Number of cores used: 50
Creating batch 1 of 6; eps=0.010000
Fitting model 1 of 6
    Score: 0.973
    Average reward: -39418.261
    Average cost: 39410.177
Creating batch 2 of 6; eps=0.003333
Fitting model 2 of 6
    Score: 0.984
    Average reward: -257.589
    Average cost: 757.387
Creating batch 3 of 6; eps=0.001111
Fitting model 3 of 6
    Score: 0.991
    Average reward: 182.353
    Average cost: 957.113
Creating batch 4 of 6; eps=0.000370
Fitting model 4 of 6
    Score: 0.989
    Average reward: 258.426
    Average cost: 796.947
Creating batch 5 of 6; eps=0.000123
Fitting model 5 of 6
    Score: 0.995
    Average reward: 197.637
    Average cost: 445.834
Creating batch 6 of 6; eps=0.000041
Fitting model 6 of 6
    Score: 0.995
    Average reward: 223.927
    Average cost: 445.297
Used optimizers:
  shgo: 0
  dual_annealing: 0
  differential_evolution: 0
  brute: 0
  local: 0



Welch's tests (absolute):

    H0: GPw=Mw, H1: GPw>Mw. t: 138.4765, p-value: 0.0000
    H0: RLw=Mw, H1: RLw>Mw. t: 135.1966, p-value: 0.0000
    H0: RLw=GPw, H1: RLw>GPw. t: 6.6845, p-value: 0.0000

    H0: GPv=Mv, H1: GPv>Mv. t: -21.2023, p-value: 1.0000
    H0: RLv=Mv, H1: RLv>Mv. t: -15.2128, p-value: 1.0000
    H0: RLv=GPv, H1: RLv>GPv. t: 7.2943, p-value: 0.0000

    H0: GPc=Mc, H1: GPc<Mc. t: -359.4050, p-value: 0.0000
    H0: RLc=Mc, H1: RLc<Mc. t: -351.7106, p-value: 0.0000
    H0: RLc=GPc, H1: RLc<GPc. t: 5.6717, p-value: 1.0000



 Linear regression of X=GP vs Y=RL:

                            OLS Regression Results                            
==============================================================================
Dep. Variable:                      y   R-squared:                       0.271
Model:                            OLS   Adj. R-squared:                  0.271
Method:                 Least Squares   F-statistic:                     3713.
Date:                Tue, 08 Mar 2022   Prob (F-statistic):               0.00
Time:                        15:04:57   Log-Likelihood:                -90760.
No. Observations:               10000   AIC:                         1.815e+05
Df Residuals:                    9998   BIC:                         1.815e+05
Df Model:                           1                                         
Covariance Type:            nonrobust                                         
==============================================================================
                 coef    std err          t      P>|t|      [0.025      0.975]
------------------------------------------------------------------------------
const        206.5834     21.159      9.764      0.000     165.108     248.058
x1             0.7108      0.012     60.938      0.000       0.688       0.734
==============================================================================
Omnibus:                      571.342   Durbin-Watson:                   1.964
Prob(Omnibus):                  0.000   Jarque-Bera (JB):             1852.107
Skew:                           0.238   Prob(JB):                         0.00
Kurtosis:                       5.054   Cond. No.                     1.81e+03
==============================================================================

Warnings:
[1] Standard Errors assume that the covariance matrix of the errors is correctly specified.
[2] The condition number is large, 1.81e+03. This might indicate that there are
strong multicollinearity or other numerical problems.


 H0: beta=1; H1: beta!=1
                             Test for Constraints                             
==============================================================================
                 coef    std err          t      P>|t|      [0.025      0.975]
------------------------------------------------------------------------------
c0             0.7108      0.012    -24.792      0.000       0.688       0.734
==============================================================================
#### END
#### END
