Number of cores available: 144
Number of cores used: 20
Creating batch 1 of 1; eps=0.100000
Fitting model 1 of 1
    Score: 0.978
    Average reward: -27391.014
    Average cost: 27381.382
Used optimizers:
  shgo: 0
  dual_annealing: 0
  differential_evolution: 0
  brute: 0
  local: 0



Welch's tests (absolute):

    H0: GPw=Mw, H1: GPw>Mw. t: 68.1487, p-value: 0.0000
    H0: RLw=Mw, H1: RLw>Mw. t: 53.4783, p-value: 0.0000
    H0: RLw=GPw, H1: RLw>GPw. t: -1.4317, p-value: 0.9239

    H0: GPv=Mv, H1: GPv>Mv. t: -21.5964, p-value: 1.0000
    H0: RLv=Mv, H1: RLv>Mv. t: -8.0823, p-value: 1.0000
    H0: RLv=GPv, H1: RLv>GPv. t: 11.9619, p-value: 0.0000

    H0: GPc=Mc, H1: GPc<Mc. t: -470.2313, p-value: 0.0000
    H0: RLc=Mc, H1: RLc<Mc. t: -382.4407, p-value: 0.0000
    H0: RLc=GPc, H1: RLc<GPc. t: 180.7137, p-value: 1.0000



 Linear regression of X=GP vs Y=RL:

                            OLS Regression Results                            
==============================================================================
Dep. Variable:                      y   R-squared:                       0.725
Model:                            OLS   Adj. R-squared:                  0.725
Method:                 Least Squares   F-statistic:                 2.631e+04
Date:                Tue, 08 Mar 2022   Prob (F-statistic):               0.00
Time:                        11:04:06   Log-Likelihood:                -88721.
No. Observations:               10000   AIC:                         1.774e+05
Df Residuals:                    9998   BIC:                         1.775e+05
Df Model:                           1                                         
Covariance Type:            nonrobust                                         
==============================================================================
                 coef    std err          t      P>|t|      [0.025      0.975]
------------------------------------------------------------------------------
const       -282.8158     17.531    -16.132      0.000    -317.180    -248.452
x1             1.8509      0.011    162.212      0.000       1.829       1.873
==============================================================================
Omnibus:                      134.412   Durbin-Watson:                   1.953
Prob(Omnibus):                  0.000   Jarque-Bera (JB):              226.459
Skew:                           0.097   Prob(JB):                     6.68e-50
Kurtosis:                       3.711   Cond. No.                     1.56e+03
==============================================================================

Warnings:
[1] Standard Errors assume that the covariance matrix of the errors is correctly specified.
[2] The condition number is large, 1.56e+03. This might indicate that there are
strong multicollinearity or other numerical problems.


 H0: beta=1; H1: beta!=1
                             Test for Constraints                             
==============================================================================
                 coef    std err          t      P>|t|      [0.025      0.975]
------------------------------------------------------------------------------
c0             1.8509      0.011     74.571      0.000       1.829       1.873
==============================================================================
#### END
