Number of cores available: 144
Number of cores used: 20
Creating batch 1 of 1; eps=0.010000
Fitting model 1 of 1
    Score: 0.999
    Average reward: -2365.710
    Average cost: 2365.409
Used optimizers:
  shgo: 0
  dual_annealing: 0
  differential_evolution: 0
  brute: 0
  local: 0



Welch's tests (absolute):

    H0: GPw=Mw, H1: GPw>Mw. t: 39.1842, p-value: 0.0000
    H0: RLw=Mw, H1: RLw>Mw. t: 40.5493, p-value: 0.0000
    H0: RLw=GPw, H1: RLw>GPw. t: 0.8023, p-value: 0.2112

    H0: GPv=Mv, H1: GPv>Mv. t: -8.5520, p-value: 1.0000
    H0: RLv=Mv, H1: RLv>Mv. t: -11.2644, p-value: 1.0000
    H0: RLv=GPv, H1: RLv>GPv. t: -4.2789, p-value: 1.0000

    H0: GPc=Mc, H1: GPc<Mc. t: -53.1966, p-value: 0.0000
    H0: RLc=Mc, H1: RLc<Mc. t: -55.6438, p-value: 0.0000
    H0: RLc=GPc, H1: RLc<GPc. t: -43.7264, p-value: 0.0000



 Linear regression of X=GP vs Y=RL:

                            OLS Regression Results                            
==============================================================================
Dep. Variable:                      y   R-squared:                       0.241
Model:                            OLS   Adj. R-squared:                  0.241
Method:                 Least Squares   F-statistic:                     3176.
Date:                Tue, 08 Mar 2022   Prob (F-statistic):               0.00
Time:                        10:29:43   Log-Likelihood:                -62355.
No. Observations:               10000   AIC:                         1.247e+05
Df Residuals:                    9998   BIC:                         1.247e+05
Df Model:                           1                                         
Covariance Type:            nonrobust                                         
==============================================================================
                 coef    std err          t      P>|t|      [0.025      0.975]
------------------------------------------------------------------------------
const          3.6237      1.236      2.933      0.003       1.202       6.046
x1             0.3547      0.006     56.359      0.000       0.342       0.367
==============================================================================
Omnibus:                     1382.130   Durbin-Watson:                   2.010
Prob(Omnibus):                  0.000   Jarque-Bera (JB):            13011.373
Skew:                           0.347   Prob(JB):                         0.00
Kurtosis:                       8.545   Cond. No.                         196.
==============================================================================

Warnings:
[1] Standard Errors assume that the covariance matrix of the errors is correctly specified.


 H0: beta=1; H1: beta!=1
                             Test for Constraints                             
==============================================================================
                 coef    std err          t      P>|t|      [0.025      0.975]
------------------------------------------------------------------------------
c0             0.3547      0.006   -102.535      0.000       0.342       0.367
==============================================================================
#### END
#### END
