Number of cores available: 144
Number of cores used: 20
Creating batch 1 of 6; eps=0.100000
Fitting model 1 of 6
    Score: 0.186
    Average reward: -33.613
    Average cost: 33.581
Creating batch 2 of 6; eps=0.033333
Fitting model 2 of 6
    Score: 0.885
    Average reward: 3.478
    Average cost: 3.872
Creating batch 3 of 6; eps=0.011111
Fitting model 3 of 6
    Score: 0.848
    Average reward: 5.160
    Average cost: 2.904
Creating batch 4 of 6; eps=0.003704
Fitting model 4 of 6
    Score: 0.852
    Average reward: 5.662
    Average cost: 2.678
Creating batch 5 of 6; eps=0.001235
Fitting model 5 of 6
    Score: 0.809
    Average reward: 5.880
    Average cost: 2.629
Creating batch 6 of 6; eps=0.000412
Fitting model 6 of 6
    Score: 0.846
    Average reward: 5.928
    Average cost: 2.627
Used optimizers:
  shgo: 0
  dual_annealing: 0
  differential_evolution: 0
  brute: 0
  local: 0



Welch's tests (absolute):

    H0: GPw=Mw, H1: GPw>Mw. t: 64.7870, p-value: 0.0000
    H0: RLw=Mw, H1: RLw>Mw. t: 66.4679, p-value: 0.0000
    H0: RLw=GPw, H1: RLw>GPw. t: -3.5041, p-value: 0.9998

    H0: GPv=Mv, H1: GPv>Mv. t: -16.2602, p-value: 1.0000
    H0: RLv=Mv, H1: RLv>Mv. t: -21.1961, p-value: 1.0000
    H0: RLv=GPv, H1: RLv>GPv. t: -9.1677, p-value: 1.0000

    H0: GPc=Mc, H1: GPc<Mc. t: -474.3824, p-value: 0.0000
    H0: RLc=Mc, H1: RLc<Mc. t: -489.9461, p-value: 0.0000
    H0: RLc=GPc, H1: RLc<GPc. t: -172.5147, p-value: 0.0000



 Linear regression of X=GP vs Y=RL:

                            OLS Regression Results                            
==============================================================================
Dep. Variable:                      y   R-squared:                       0.832
Model:                            OLS   Adj. R-squared:                  0.832
Method:                 Least Squares   F-statistic:                 4.944e+04
Date:                Fri, 18 Feb 2022   Prob (F-statistic):               0.00
Time:                        13:52:39   Log-Likelihood:                -45011.
No. Observations:               10000   AIC:                         9.003e+04
Df Residuals:                    9998   BIC:                         9.004e+04
Df Model:                           1                                         
Covariance Type:            nonrobust                                         
==============================================================================
                 coef    std err          t      P>|t|      [0.025      0.975]
------------------------------------------------------------------------------
const          1.1202      0.219      5.108      0.000       0.690       1.550
x1             0.5115      0.002    222.358      0.000       0.507       0.516
==============================================================================
Omnibus:                      180.436   Durbin-Watson:                   1.991
Prob(Omnibus):                  0.000   Jarque-Bera (JB):              341.639
Skew:                          -0.102   Prob(JB):                     6.52e-75
Kurtosis:                       3.882   Cond. No.                         95.9
==============================================================================

Warnings:
[1] Standard Errors assume that the covariance matrix of the errors is correctly specified.


 H0: beta=1; H1: beta!=1
                             Test for Constraints                             
==============================================================================
                 coef    std err          t      P>|t|      [0.025      0.975]
------------------------------------------------------------------------------
c0             0.5115      0.002   -212.352      0.000       0.507       0.516
==============================================================================
#### END
#### END
