Number of cores available: 144
Number of cores used: 20
Creating batch 1 of 1; eps=0.010000
Fitting model 1 of 1
    Score: 0.003
    Average reward: -3.007
    Average cost: 3.003
Used optimizers:
  shgo: 0
  dual_annealing: 0
  differential_evolution: 0
  brute: 0
  local: 0



Welch's tests (absolute):

    H0: GPw=Mw, H1: GPw>Mw. t: 64.7870, p-value: 0.0000
    H0: RLw=Mw, H1: RLw>Mw. t: 66.4431, p-value: 0.0000
    H0: RLw=GPw, H1: RLw>GPw. t: -7.3831, p-value: 1.0000

    H0: GPv=Mv, H1: GPv>Mv. t: -16.2602, p-value: 1.0000
    H0: RLv=Mv, H1: RLv>Mv. t: -23.9564, p-value: 1.0000
    H0: RLv=GPv, H1: RLv>GPv. t: -15.9432, p-value: 1.0000

    H0: GPc=Mc, H1: GPc<Mc. t: -474.3824, p-value: 0.0000
    H0: RLc=Mc, H1: RLc<Mc. t: -494.9519, p-value: 0.0000
    H0: RLc=GPc, H1: RLc<GPc. t: -237.5267, p-value: 0.0000



 Linear regression of X=GP vs Y=RL:

                            OLS Regression Results                            
==============================================================================
Dep. Variable:                      y   R-squared:                       0.690
Model:                            OLS   Adj. R-squared:                  0.690
Method:                 Least Squares   F-statistic:                 2.223e+04
Date:                Tue, 08 Mar 2022   Prob (F-statistic):               0.00
Time:                        09:36:01   Log-Likelihood:                -38538.
No. Observations:               10000   AIC:                         7.708e+04
Df Residuals:                    9998   BIC:                         7.709e+04
Df Model:                           1                                         
Covariance Type:            nonrobust                                         
==============================================================================
                 coef    std err          t      P>|t|      [0.025      0.975]
------------------------------------------------------------------------------
const          1.1175      0.115      9.734      0.000       0.892       1.342
x1             0.1795      0.001    149.109      0.000       0.177       0.182
==============================================================================
Omnibus:                      278.625   Durbin-Watson:                   1.999
Prob(Omnibus):                  0.000   Jarque-Bera (JB):              705.200
Skew:                           0.034   Prob(JB):                    7.37e-154
Kurtosis:                       4.299   Cond. No.                         95.9
==============================================================================

Warnings:
[1] Standard Errors assume that the covariance matrix of the errors is correctly specified.


 H0: beta=1; H1: beta!=1
                             Test for Constraints                             
==============================================================================
                 coef    std err          t      P>|t|      [0.025      0.975]
------------------------------------------------------------------------------
c0             0.1795      0.001   -681.357      0.000       0.177       0.182
==============================================================================
#### END
#### END
