Number of cores available: 144
Number of cores used: 20
Creating batch 1 of 6; eps=0.010000
Fitting model 1 of 6
    Score: 0.004
    Average reward: -3.032
    Average cost: 3.022
Creating batch 2 of 6; eps=0.003333
Fitting model 2 of 6
    Score: 0.953
    Average reward: 1.823
    Average cost: 0.633
Creating batch 3 of 6; eps=0.001111
Fitting model 3 of 6
    Score: 0.891
    Average reward: 2.466
    Average cost: 0.707
Creating batch 4 of 6; eps=0.000370
Fitting model 4 of 6
    Score: 0.854
    Average reward: 2.602
    Average cost: 0.766
Creating batch 5 of 6; eps=0.000123
Fitting model 5 of 6
    Score: 0.833
    Average reward: 2.664
    Average cost: 0.778
Creating batch 6 of 6; eps=0.000041
Fitting model 6 of 6
    Score: 0.825
    Average reward: 2.691
    Average cost: 0.775
Used optimizers:
  shgo: 0
  dual_annealing: 0
  differential_evolution: 0
  brute: 0
  local: 0



Welch's tests (absolute):

    H0: GPw=Mw, H1: GPw>Mw. t: 64.7870, p-value: 0.0000
    H0: RLw=Mw, H1: RLw>Mw. t: 66.4598, p-value: 0.0000
    H0: RLw=GPw, H1: RLw>GPw. t: -7.4290, p-value: 1.0000

    H0: GPv=Mv, H1: GPv>Mv. t: -16.2602, p-value: 1.0000
    H0: RLv=Mv, H1: RLv>Mv. t: -23.8434, p-value: 1.0000
    H0: RLv=GPv, H1: RLv>GPv. t: -15.6814, p-value: 1.0000

    H0: GPc=Mc, H1: GPc<Mc. t: -474.3824, p-value: 0.0000
    H0: RLc=Mc, H1: RLc<Mc. t: -494.2197, p-value: 0.0000
    H0: RLc=GPc, H1: RLc<GPc. t: -228.2358, p-value: 0.0000



 Linear regression of X=GP vs Y=RL:

                            OLS Regression Results                            
==============================================================================
Dep. Variable:                      y   R-squared:                       0.633
Model:                            OLS   Adj. R-squared:                  0.633
Method:                 Least Squares   F-statistic:                 1.727e+04
Date:                Tue, 08 Mar 2022   Prob (F-statistic):               0.00
Time:                        01:25:32   Log-Likelihood:                -38767.
No. Observations:               10000   AIC:                         7.754e+04
Df Residuals:                    9998   BIC:                         7.755e+04
Df Model:                           1                                         
Covariance Type:            nonrobust                                         
==============================================================================
                 coef    std err          t      P>|t|      [0.025      0.975]
------------------------------------------------------------------------------
const          1.2690      0.117     10.804      0.000       1.039       1.499
x1             0.1619      0.001    131.434      0.000       0.160       0.164
==============================================================================
Omnibus:                       30.277   Durbin-Watson:                   1.996
Prob(Omnibus):                  0.000   Jarque-Bera (JB):               35.654
Skew:                          -0.070   Prob(JB):                     1.81e-08
Kurtosis:                       3.256   Cond. No.                         95.9
==============================================================================

Warnings:
[1] Standard Errors assume that the covariance matrix of the errors is correctly specified.


 H0: beta=1; H1: beta!=1
                             Test for Constraints                             
==============================================================================
                 coef    std err          t      P>|t|      [0.025      0.975]
------------------------------------------------------------------------------
c0             0.1619      0.001   -680.203      0.000       0.160       0.164
==============================================================================
#### END
#### END
