Number of cores available: 144
Number of cores used: 20
Creating batch 1 of 1; eps=0.010000
Fitting model 1 of 1
    Score: 0.996
    Average reward: -1100.953
    Average cost: 1100.891
Used optimizers:
  shgo: 0
  dual_annealing: 0
  differential_evolution: 0
  brute: 0
  local: 0



Welch's tests (absolute):

    H0: GPw=Mw, H1: GPw>Mw. t: 64.7870, p-value: 0.0000
    H0: RLw=Mw, H1: RLw>Mw. t: 59.7299, p-value: 0.0000
    H0: RLw=GPw, H1: RLw>GPw. t: -4.9962, p-value: 1.0000

    H0: GPv=Mv, H1: GPv>Mv. t: -16.2602, p-value: 1.0000
    H0: RLv=Mv, H1: RLv>Mv. t: -18.6277, p-value: 1.0000
    H0: RLv=GPv, H1: RLv>GPv. t: -5.1403, p-value: 1.0000

    H0: GPc=Mc, H1: GPc<Mc. t: -474.3824, p-value: 0.0000
    H0: RLc=Mc, H1: RLc<Mc. t: -472.8123, p-value: 0.0000
    H0: RLc=GPc, H1: RLc<GPc. t: -3.6302, p-value: 0.0001



 Linear regression of X=GP vs Y=RL:

                            OLS Regression Results                            
==============================================================================
Dep. Variable:                      y   R-squared:                       0.424
Model:                            OLS   Adj. R-squared:                  0.424
Method:                 Least Squares   F-statistic:                     7352.
Date:                Tue, 08 Mar 2022   Prob (F-statistic):               0.00
Time:                        10:02:39   Log-Likelihood:                -59097.
No. Observations:               10000   AIC:                         1.182e+05
Df Residuals:                    9998   BIC:                         1.182e+05
Df Model:                           1                                         
Covariance Type:            nonrobust                                         
==============================================================================
                 coef    std err          t      P>|t|      [0.025      0.975]
------------------------------------------------------------------------------
const         -5.5938      0.897     -6.236      0.000      -7.352      -3.835
x1             0.8068      0.009     85.746      0.000       0.788       0.825
==============================================================================
Omnibus:                      345.723   Durbin-Watson:                   1.995
Prob(Omnibus):                  0.000   Jarque-Bera (JB):             1002.632
Skew:                           0.004   Prob(JB):                    1.91e-218
Kurtosis:                       4.551   Cond. No.                         95.9
==============================================================================

Warnings:
[1] Standard Errors assume that the covariance matrix of the errors is correctly specified.


 H0: beta=1; H1: beta!=1
                             Test for Constraints                             
==============================================================================
                 coef    std err          t      P>|t|      [0.025      0.975]
------------------------------------------------------------------------------
c0             0.8068      0.009    -20.532      0.000       0.788       0.825
==============================================================================
#### END
#### END
