Number of cores available: 144
Number of cores used: 20
Creating batch 1 of 6; eps=0.100000
Fitting model 1 of 6
    Score: 0.817
    Average reward: -1245311.305
    Average cost: 1245483.544
Creating batch 2 of 6; eps=0.033333
Fitting model 2 of 6
    Score: 0.733
    Average reward: -38943.999
    Average cost: 112074.266
Creating batch 3 of 6; eps=0.011111
Fitting model 3 of 6
    Score: 0.759
    Average reward: -99221.968
    Average cost: 65426.684
Creating batch 4 of 6; eps=0.003704
Fitting model 4 of 6
    Score: 0.656
    Average reward: -30732.037
    Average cost: 20135.762
Creating batch 5 of 6; eps=0.001235
Fitting model 5 of 6
    Score: 0.775
    Average reward: -18498.262
    Average cost: 15740.013
Creating batch 6 of 6; eps=0.000412
Fitting model 6 of 6
    Score: 0.602
    Average reward: -14566.995
    Average cost: 14208.392
Used optimizers:
  shgo: 0
  dual_annealing: 0
  differential_evolution: 0
  brute: 0
  local: 0



Welch's tests (absolute):

    H0: GPw=Mw, H1: GPw>Mw. t: 3.1513, p-value: 0.0008
    H0: RLw=Mw, H1: RLw>Mw. t: -34.4124, p-value: 1.0000
    H0: RLw=GPw, H1: RLw>GPw. t: -39.4144, p-value: 1.0000

    H0: GPv=Mv, H1: GPv>Mv. t: -1.7631, p-value: 0.9611
    H0: RLv=Mv, H1: RLv>Mv. t: -48.6898, p-value: 1.0000
    H0: RLv=GPv, H1: RLv>GPv. t: -46.6634, p-value: 1.0000

    H0: GPc=Mc, H1: GPc<Mc. t: -10.3438, p-value: 0.0000
    H0: RLc=Mc, H1: RLc<Mc. t: -57.4436, p-value: 0.0000
    H0: RLc=GPc, H1: RLc<GPc. t: -45.3160, p-value: 0.0000



 Linear regression of X=GP vs Y=RL:

                            OLS Regression Results                            
==============================================================================
Dep. Variable:                      y   R-squared:                       0.269
Model:                            OLS   Adj. R-squared:                  0.269
Method:                 Least Squares   F-statistic:                     3677.
Date:                Sat, 19 Feb 2022   Prob (F-statistic):               0.00
Time:                        00:43:19   Log-Likelihood:            -1.2055e+05
No. Observations:               10000   AIC:                         2.411e+05
Df Residuals:                    9998   BIC:                         2.411e+05
Df Model:                           1                                         
Covariance Type:            nonrobust                                         
==============================================================================
                 coef    std err          t      P>|t|      [0.025      0.975]
------------------------------------------------------------------------------
const      -2.115e+04    434.872    -48.646      0.000    -2.2e+04   -2.03e+04
x1             0.2526      0.004     60.636      0.000       0.244       0.261
==============================================================================
Omnibus:                    10479.623   Durbin-Watson:                   1.983
Prob(Omnibus):                  0.000   Jarque-Bera (JB):          3093380.997
Skew:                           4.692   Prob(JB):                         0.00
Kurtosis:                      88.651   Cond. No.                     1.09e+05
==============================================================================

Warnings:
[1] Standard Errors assume that the covariance matrix of the errors is correctly specified.
[2] The condition number is large, 1.09e+05. This might indicate that there are
strong multicollinearity or other numerical problems.


 H0: beta=1; H1: beta!=1
                             Test for Constraints                             
==============================================================================
                 coef    std err          t      P>|t|      [0.025      0.975]
------------------------------------------------------------------------------
c0             0.2526      0.004   -179.400      0.000       0.244       0.261
==============================================================================
#### END
#### END
