Number of cores available: 144
Number of cores used: 20
Creating batch 1 of 1; eps=0.010000
Fitting model 1 of 1
    Score: 0.941
    Average reward: -38603.442
    Average cost: 38588.350
Used optimizers:
  shgo: 0
  dual_annealing: 0
  differential_evolution: 0
  brute: 0
  local: 0



Welch's tests (absolute):

    H0: GPw=Mw, H1: GPw>Mw. t: 138.4765, p-value: 0.0000
    H0: RLw=Mw, H1: RLw>Mw. t: 126.2802, p-value: 0.0000
    H0: RLw=GPw, H1: RLw>GPw. t: 7.0782, p-value: 0.0000

    H0: GPv=Mv, H1: GPv>Mv. t: -21.2023, p-value: 1.0000
    H0: RLv=Mv, H1: RLv>Mv. t: -6.0028, p-value: 1.0000
    H0: RLv=GPv, H1: RLv>GPv. t: 17.2474, p-value: 0.0000

    H0: GPc=Mc, H1: GPc<Mc. t: -359.4050, p-value: 0.0000
    H0: RLc=Mc, H1: RLc<Mc. t: -330.9776, p-value: 0.0000
    H0: RLc=GPc, H1: RLc<GPc. t: 67.8049, p-value: 1.0000



 Linear regression of X=GP vs Y=RL:

                            OLS Regression Results                            
==============================================================================
Dep. Variable:                      y   R-squared:                       0.158
Model:                            OLS   Adj. R-squared:                  0.158
Method:                 Least Squares   F-statistic:                     1876.
Date:                Tue, 08 Mar 2022   Prob (F-statistic):               0.00
Time:                        10:44:57   Log-Likelihood:                -94322.
No. Observations:               10000   AIC:                         1.886e+05
Df Residuals:                    9998   BIC:                         1.887e+05
Df Model:                           1                                         
Covariance Type:            nonrobust                                         
==============================================================================
                 coef    std err          t      P>|t|      [0.025      0.975]
------------------------------------------------------------------------------
const        267.3380     30.212      8.849      0.000     208.117     326.559
x1             0.7215      0.017     43.317      0.000       0.689       0.754
==============================================================================
Omnibus:                      248.217   Durbin-Watson:                   1.963
Prob(Omnibus):                  0.000   Jarque-Bera (JB):              337.484
Skew:                           0.291   Prob(JB):                     5.20e-74
Kurtosis:                       3.687   Cond. No.                     1.81e+03
==============================================================================

Warnings:
[1] Standard Errors assume that the covariance matrix of the errors is correctly specified.
[2] The condition number is large, 1.81e+03. This might indicate that there are
strong multicollinearity or other numerical problems.


 H0: beta=1; H1: beta!=1
                             Test for Constraints                             
==============================================================================
                 coef    std err          t      P>|t|      [0.025      0.975]
------------------------------------------------------------------------------
c0             0.7215      0.017    -16.723      0.000       0.689       0.754
==============================================================================
#### END
#### END
