Number of cores available: 144
Number of cores used: 20
Creating batch 1 of 6; eps=0.100000
Fitting model 1 of 6
    Score: 1.000
    Average reward: -5001.002
    Average cost: 5000.348
Creating batch 2 of 6; eps=0.033333
Fitting model 2 of 6
    Score: 0.806
    Average reward: -177.119
    Average cost: 191.726
Creating batch 3 of 6; eps=0.011111
Fitting model 3 of 6
    Score: 0.658
    Average reward: -53.263
    Average cost: 70.896
Creating batch 4 of 6; eps=0.003704
Fitting model 4 of 6
    Score: 0.610
    Average reward: -20.765
    Average cost: 43.244
Creating batch 5 of 6; eps=0.001235
Fitting model 5 of 6
    Score: 0.633
    Average reward: -10.131
    Average cost: 35.281
Creating batch 6 of 6; eps=0.000412
Fitting model 6 of 6
    Score: 0.673
    Average reward: -4.913
    Average cost: 30.345
Used optimizers:
  shgo: 0
  dual_annealing: 0
  differential_evolution: 0
  brute: 0
  local: 0



Welch's tests (absolute):

    H0: GPw=Mw, H1: GPw>Mw. t: 66.5780, p-value: 0.0000
    H0: RLw=Mw, H1: RLw>Mw. t: 68.4893, p-value: 0.0000
    H0: RLw=GPw, H1: RLw>GPw. t: 2.4235, p-value: 0.0077

    H0: GPv=Mv, H1: GPv>Mv. t: -10.1451, p-value: 1.0000
    H0: RLv=Mv, H1: RLv>Mv. t: -9.5157, p-value: 1.0000
    H0: RLv=GPv, H1: RLv>GPv. t: 1.2817, p-value: 0.1000

    H0: GPc=Mc, H1: GPc<Mc. t: -350.1725, p-value: 0.0000
    H0: RLc=Mc, H1: RLc<Mc. t: -351.5897, p-value: 0.0000
    H0: RLc=GPc, H1: RLc<GPc. t: -11.6363, p-value: 0.0000



 Linear regression of X=GP vs Y=RL:

                            OLS Regression Results                            
==============================================================================
Dep. Variable:                      y   R-squared:                       0.228
Model:                            OLS   Adj. R-squared:                  0.228
Method:                 Least Squares   F-statistic:                     2948.
Date:                Fri, 18 Feb 2022   Prob (F-statistic):               0.00
Time:                        20:31:37   Log-Likelihood:                -66239.
No. Observations:               10000   AIC:                         1.325e+05
Df Residuals:                    9998   BIC:                         1.325e+05
Df Model:                           1                                         
Covariance Type:            nonrobust                                         
==============================================================================
                 coef    std err          t      P>|t|      [0.025      0.975]
------------------------------------------------------------------------------
const          1.3779      1.824      0.755      0.450      -2.198       4.953
x1             0.4469      0.008     54.296      0.000       0.431       0.463
==============================================================================
Omnibus:                     1525.374   Durbin-Watson:                   2.026
Prob(Omnibus):                  0.000   Jarque-Bera (JB):            15996.427
Skew:                           0.394   Prob(JB):                         0.00
Kurtosis:                       9.146   Cond. No.                         222.
==============================================================================

Warnings:
[1] Standard Errors assume that the covariance matrix of the errors is correctly specified.


 H0: beta=1; H1: beta!=1
                             Test for Constraints                             
==============================================================================
                 coef    std err          t      P>|t|      [0.025      0.975]
------------------------------------------------------------------------------
c0             0.4469      0.008    -67.197      0.000       0.431       0.463
==============================================================================
#### END
#### END
