Number of cores available: 144
Number of cores used: 20
Creating batch 1 of 6; eps=0.010000
Fitting model 1 of 6
    Score: 0.999
    Average reward: -2381.381
    Average cost: 2381.093
Creating batch 2 of 6; eps=0.003333
Fitting model 2 of 6
    Score: 0.874
    Average reward: 4.721
    Average cost: 18.191
Creating batch 3 of 6; eps=0.001111
Fitting model 3 of 6
    Score: 0.813
    Average reward: 8.834
    Average cost: 15.877
Creating batch 4 of 6; eps=0.000370
Fitting model 4 of 6
    Score: 0.756
    Average reward: 9.728
    Average cost: 14.753
Creating batch 5 of 6; eps=0.000123
Fitting model 5 of 6
    Score: 0.828
    Average reward: 9.920
    Average cost: 14.339
Creating batch 6 of 6; eps=0.000041
Fitting model 6 of 6
    Score: 0.843
    Average reward: 10.456
    Average cost: 14.123
Used optimizers:
  shgo: 0
  dual_annealing: 0
  differential_evolution: 0
  brute: 0
  local: 0



Welch's tests (absolute):

    H0: GPw=Mw, H1: GPw>Mw. t: 39.1842, p-value: 0.0000
    H0: RLw=Mw, H1: RLw>Mw. t: 41.4607, p-value: 0.0000
    H0: RLw=GPw, H1: RLw>GPw. t: 3.3527, p-value: 0.0004

    H0: GPv=Mv, H1: GPv>Mv. t: -8.5520, p-value: 1.0000
    H0: RLv=Mv, H1: RLv>Mv. t: -9.2010, p-value: 1.0000
    H0: RLv=GPv, H1: RLv>GPv. t: -0.5851, p-value: 0.7208

    H0: GPc=Mc, H1: GPc<Mc. t: -53.1966, p-value: 0.0000
    H0: RLc=Mc, H1: RLc<Mc. t: -55.1226, p-value: 0.0000
    H0: RLc=GPc, H1: RLc<GPc. t: -33.9171, p-value: 0.0000



 Linear regression of X=GP vs Y=RL:

                            OLS Regression Results                            
==============================================================================
Dep. Variable:                      y   R-squared:                       0.652
Model:                            OLS   Adj. R-squared:                  0.652
Method:                 Least Squares   F-statistic:                 1.875e+04
Date:                Mon, 07 Mar 2022   Prob (F-statistic):               0.00
Time:                        23:33:16   Log-Likelihood:                -59129.
No. Observations:               10000   AIC:                         1.183e+05
Df Residuals:                    9998   BIC:                         1.183e+05
Df Model:                           1                                         
Covariance Type:            nonrobust                                         
==============================================================================
                 coef    std err          t      P>|t|      [0.025      0.975]
------------------------------------------------------------------------------
const          9.2979      0.895     10.389      0.000       7.544      11.052
x1             0.6241      0.005    136.928      0.000       0.615       0.633
==============================================================================
Omnibus:                     6178.373   Durbin-Watson:                   1.990
Prob(Omnibus):                  0.000   Jarque-Bera (JB):           997382.662
Skew:                           1.952   Prob(JB):                         0.00
Kurtosis:                      51.770   Cond. No.                         196.
==============================================================================

Warnings:
[1] Standard Errors assume that the covariance matrix of the errors is correctly specified.


 H0: beta=1; H1: beta!=1
                             Test for Constraints                             
==============================================================================
                 coef    std err          t      P>|t|      [0.025      0.975]
------------------------------------------------------------------------------
c0             0.6241      0.005    -82.465      0.000       0.615       0.633
==============================================================================
#### END
#### END
