Number of cores available: 144
Number of cores used: 20
Creating batch 1 of 6; eps=0.100000
Fitting model 1 of 6
    Score: 0.907
    Average reward: -1109.400
    Average cost: 1109.217
Creating batch 2 of 6; eps=0.033333
Fitting model 2 of 6
    Score: 0.813
    Average reward: -24.246
    Average cost: 32.745
Creating batch 3 of 6; eps=0.011111
Fitting model 3 of 6
    Score: 0.668
    Average reward: -2.496
    Average cost: 13.999
Creating batch 4 of 6; eps=0.003704
Fitting model 4 of 6
    Score: 0.627
    Average reward: 4.338
    Average cost: 8.172
Creating batch 5 of 6; eps=0.001235
Fitting model 5 of 6
    Score: 0.656
    Average reward: 6.306
    Average cost: 6.568
Creating batch 6 of 6; eps=0.000412
Fitting model 6 of 6
    Score: 0.505
    Average reward: 7.324
    Average cost: 5.734
Used optimizers:
  shgo: 0
  dual_annealing: 0
  differential_evolution: 0
  brute: 0
  local: 0



Welch's tests (absolute):

    H0: GPw=Mw, H1: GPw>Mw. t: 64.7870, p-value: 0.0000
    H0: RLw=Mw, H1: RLw>Mw. t: 65.1681, p-value: 0.0000
    H0: RLw=GPw, H1: RLw>GPw. t: -1.5459, p-value: 0.9389

    H0: GPv=Mv, H1: GPv>Mv. t: -16.2602, p-value: 1.0000
    H0: RLv=Mv, H1: RLv>Mv. t: -18.6892, p-value: 1.0000
    H0: RLv=GPv, H1: RLv>GPv. t: -4.2712, p-value: 1.0000

    H0: GPc=Mc, H1: GPc<Mc. t: -474.3824, p-value: 0.0000
    H0: RLc=Mc, H1: RLc<Mc. t: -482.5912, p-value: 0.0000
    H0: RLc=GPc, H1: RLc<GPc. t: -74.0974, p-value: 0.0000



 Linear regression of X=GP vs Y=RL:

                            OLS Regression Results                            
==============================================================================
Dep. Variable:                      y   R-squared:                       0.844
Model:                            OLS   Adj. R-squared:                  0.844
Method:                 Least Squares   F-statistic:                 5.394e+04
Date:                Fri, 18 Feb 2022   Prob (F-statistic):               0.00
Time:                        15:12:27   Log-Likelihood:                -48961.
No. Observations:               10000   AIC:                         9.793e+04
Df Residuals:                    9998   BIC:                         9.794e+04
Df Model:                           1                                         
Covariance Type:            nonrobust                                         
==============================================================================
                 coef    std err          t      P>|t|      [0.025      0.975]
------------------------------------------------------------------------------
const          0.1521      0.326      0.467      0.640      -0.486       0.790
x1             0.7930      0.003    232.245      0.000       0.786       0.800
==============================================================================
Omnibus:                      208.684   Durbin-Watson:                   1.965
Prob(Omnibus):                  0.000   Jarque-Bera (JB):              441.706
Skew:                          -0.072   Prob(JB):                     1.22e-96
Kurtosis:                       4.020   Cond. No.                         95.9
==============================================================================

Warnings:
[1] Standard Errors assume that the covariance matrix of the errors is correctly specified.


 H0: beta=1; H1: beta!=1
                             Test for Constraints                             
==============================================================================
                 coef    std err          t      P>|t|      [0.025      0.975]
------------------------------------------------------------------------------
c0             0.7930      0.003    -60.612      0.000       0.786       0.800
==============================================================================
#### END
#### END
