Number of cores available: 144
Number of cores used: 20
Creating batch 1 of 6; eps=0.010000
Fitting model 1 of 6
    Score: 0.996
    Average reward: -1109.400
    Average cost: 1109.217
Creating batch 2 of 6; eps=0.003333
Fitting model 2 of 6
    Score: 0.824
    Average reward: 3.234
    Average cost: 6.344
Creating batch 3 of 6; eps=0.001111
Fitting model 3 of 6
    Score: 0.751
    Average reward: 6.460
    Average cost: 6.380
Creating batch 4 of 6; eps=0.000370
Fitting model 4 of 6
    Score: 0.746
    Average reward: 7.602
    Average cost: 6.556
Creating batch 5 of 6; eps=0.000123
Fitting model 5 of 6
    Score: 0.793
    Average reward: 8.047
    Average cost: 6.616
Creating batch 6 of 6; eps=0.000041
Fitting model 6 of 6
    Score: 0.843
    Average reward: 8.250
    Average cost: 6.611
Used optimizers:
  shgo: 0
  dual_annealing: 0
  differential_evolution: 0
  brute: 0
  local: 0



Welch's tests (absolute):

    H0: GPw=Mw, H1: GPw>Mw. t: 64.7870, p-value: 0.0000
    H0: RLw=Mw, H1: RLw>Mw. t: 64.8968, p-value: 0.0000
    H0: RLw=GPw, H1: RLw>GPw. t: -0.8901, p-value: 0.8133

    H0: GPv=Mv, H1: GPv>Mv. t: -16.2602, p-value: 1.0000
    H0: RLv=Mv, H1: RLv>Mv. t: -17.6994, p-value: 1.0000
    H0: RLv=GPv, H1: RLv>GPv. t: -2.5239, p-value: 0.9942

    H0: GPc=Mc, H1: GPc<Mc. t: -474.3824, p-value: 0.0000
    H0: RLc=Mc, H1: RLc<Mc. t: -479.2668, p-value: 0.0000
    H0: RLc=GPc, H1: RLc<GPc. t: -43.1519, p-value: 0.0000



 Linear regression of X=GP vs Y=RL:

                            OLS Regression Results                            
==============================================================================
Dep. Variable:                      y   R-squared:                       0.896
Model:                            OLS   Adj. R-squared:                  0.896
Method:                 Least Squares   F-statistic:                 8.623e+04
Date:                Mon, 07 Mar 2022   Prob (F-statistic):               0.00
Time:                        18:15:21   Log-Likelihood:                -47709.
No. Observations:               10000   AIC:                         9.542e+04
Df Residuals:                    9998   BIC:                         9.544e+04
Df Model:                           1                                         
Covariance Type:            nonrobust                                         
==============================================================================
                 coef    std err          t      P>|t|      [0.025      0.975]
------------------------------------------------------------------------------
const          0.0081      0.287      0.028      0.978      -0.555       0.571
x1             0.8847      0.003    293.645      0.000       0.879       0.891
==============================================================================
Omnibus:                     1153.332   Durbin-Watson:                   1.979
Prob(Omnibus):                  0.000   Jarque-Bera (JB):            10129.375
Skew:                          -0.201   Prob(JB):                         0.00
Kurtosis:                       7.914   Cond. No.                         95.9
==============================================================================

Warnings:
[1] Standard Errors assume that the covariance matrix of the errors is correctly specified.


 H0: beta=1; H1: beta!=1
                             Test for Constraints                             
==============================================================================
                 coef    std err          t      P>|t|      [0.025      0.975]
------------------------------------------------------------------------------
c0             0.8847      0.003    -38.258      0.000       0.879       0.891
==============================================================================
#### END
#### END
